<?xml version="1.0" encoding="UTF-8"?>
<!-- Generated by org.testng.reporters.JUnitReportReporter -->
<testsuite hostname="DESKTOP-QJ1THMU" failures="0" tests="1" name="ScriptHelper.AppTest" time="0.006" errors="0" timestamp="2022-01-13T15:35:05 IST" skipped="0">
  <testcase classname="ScriptHelper.AppTest" name="shouldAnswerWithTrue" time="0.006"/>
  <system-out/>
</testsuite> <!-- ScriptHelper.AppTest -->
